# JRE version: Java(TM) SE Runtime Environment (9.0+11) (build 9.0.4+11)
# Java VM: Java HotSpot(TM) 64-Bit Server VM (9.0.4+11, mixed mode, tiered, compressed oops, serial gc, linux-amd64)
Heap:
 def new generation   total 145536K, used 13781K [0x00000000c0000000, 0x00000000c9de0000, 0x00000000d5550000)
  eden space 129408K,  10% used [0x00000000c0000000, 0x00000000c0d755c8, 0x00000000c7e60000)
  from space 16128K,   0% used [0x00000000c8e20000, 0x00000000c8e20000, 0x00000000c9de0000)
  to   space 16128K,   0% used [0x00000000c7e60000, 0x00000000c7e60000, 0x00000000c8e20000)
 tenured generation   total 340496K, used 340495K [0x00000000d5550000, 0x00000000ea1d4000, 0x0000000100000000)
   the space 340496K,  99% used [0x00000000d5550000, 0x00000000ea1d3fe8, 0x00000000ea1d4000, 0x00000000ea1d4000)
 Metaspace       used 55890K, capacity 57934K, committed 58112K, reserved 1099776K
  class space    used 6749K, capacity 7135K, committed 7168K, reserved 1048576K
GC Heap History (10 events):
Event: 480.804 GC heap after
{Heap after GC invocations=88 (full 13):
 def new generation   total 145536K, used 16128K [0x00000000c0000000, 0x00000000c9de0000, 0x00000000d5550000)
  eden space 129408K,   0% used [0x00000000c0000000, 0x00000000c0000000, 0x00000000c7e60000)
  from space 16128K, 100% used [0x00000000c7e60000, 0x00000000c8e20000, 0x00000000c8e20000)
  to   space 16128K,   0% used [0x00000000c8e20000, 0x00000000c8e20000, 0x00000000c9de0000)
 tenured generation   total 323024K, used 297166K [0x00000000d5550000, 0x00000000e90c4000, 0x0000000100000000)
   the space 323024K,  91% used [0x00000000d5550000, 0x00000000e7783938, 0x00000000e7783a00, 0x00000000e90c4000)
 Metaspace       used 55888K, capacity 57934K, committed 58112K, reserved 1099776K
  class space    used 6749K, capacity 7135K, committed 7168K, reserved 1048576K
}
Event: 481.250 GC heap before
{Heap before GC invocations=88 (full 13):
 def new generation   total 145536K, used 145536K [0x00000000c0000000, 0x00000000c9de0000, 0x00000000d5550000)
  eden space 129408K, 100% used [0x00000000c0000000, 0x00000000c7e60000, 0x00000000c7e60000)
  from space 16128K, 100% used [0x00000000c7e60000, 0x00000000c8e20000, 0x00000000c8e20000)
  to   space 16128K,   0% used [0x00000000c8e20000, 0x00000000c8e20000, 0x00000000c9de0000)
 tenured generation   total 323024K, used 297166K [0x00000000d5550000, 0x00000000e90c4000, 0x0000000100000000)
   the space 323024K,  91% used [0x00000000d5550000, 0x00000000e7783938, 0x00000000e7783a00, 0x00000000e90c4000)
 Metaspace       used 55889K, capacity 57934K, committed 58112K, reserved 1099776K
  class space    used 6749K, capacity 7135K, committed 7168K, reserved 1048576K
}
Event: 482.130 GC heap after
{Heap after GC invocations=89 (full 14):
 def new generation   total 145536K, used 0K [0x00000000c0000000, 0x00000000c9de0000, 0x00000000d5550000)
  eden space 129408K,   0% used [0x00000000c0000000, 0x00000000c0000000, 0x00000000c7e60000)
  from space 16128K,   0% used [0x00000000c8e20000, 0x00000000c8e20000, 0x00000000c9de0000)
  to   space 16128K,   0% used [0x00000000c7e60000, 0x00000000c7e60000, 0x00000000c8e20000)
 tenured generation   total 323024K, used 107087K [0x00000000d5550000, 0x00000000e90c4000, 0x0000000100000000)
   the space 323024K,  33% used [0x00000000d5550000, 0x00000000dbde3c00, 0x00000000dbde3c00, 0x00000000e90c4000)
 Metaspace       used 55889K, capacity 57934K, committed 58112K, reserved 1099776K
  class space    used 6749K, capacity 7135K, committed 7168K, reserved 1048576K
}
Event: 482.590 GC heap before
{Heap before GC invocations=89 (full 14):
 def new generation   total 145536K, used 129408K [0x00000000c0000000, 0x00000000c9de0000, 0x00000000d5550000)
  eden space 129408K, 100% used [0x00000000c0000000, 0x00000000c7e60000, 0x00000000c7e60000)
  from space 16128K,   0% used [0x00000000c8e20000, 0x00000000c8e20000, 0x00000000c9de0000)
  to   space 16128K,   0% used [0x00000000c7e60000, 0x00000000c7e60000, 0x00000000c8e20000)
 tenured generation   total 323024K, used 107087K [0x00000000d5550000, 0x00000000e90c4000, 0x0000000100000000)
   the space 323024K,  33% used [0x00000000d5550000, 0x00000000dbde3c00, 0x00000000dbde3c00, 0x00000000e90c4000)
 Metaspace       used 55890K, capacity 57934K, committed 58112K, reserved 1099776K
  class space    used 6749K, capacity 7135K, committed 7168K, reserved 1048576K
}
Event: 483.181 GC heap after
{Heap after GC invocations=90 (full 14):
 def new generation   total 145536K, used 16128K [0x00000000c0000000, 0x00000000c9de0000, 0x00000000d5550000)
  eden space 129408K,   0% used [0x00000000c0000000, 0x00000000c0000000, 0x00000000c7e60000)
  from space 16128K, 100% used [0x00000000c7e60000, 0x00000000c8e20000, 0x00000000c8e20000)
  to   space 16128K,   0% used [0x00000000c8e20000, 0x00000000c8e20000, 0x00000000c9de0000)
 tenured generation   total 323024K, used 150762K [0x00000000d5550000, 0x00000000e90c4000, 0x0000000100000000)
   the space 323024K,  46% used [0x00000000d5550000, 0x00000000de88ab40, 0x00000000de88ac00, 0x00000000e90c4000)
 Metaspace       used 55890K, capacity 57934K, committed 58112K, reserved 1099776K
  class space    used 6749K, capacity 7135K, committed 7168K, reserved 1048576K
}
Event: 483.595 GC heap before
{Heap before GC invocations=90 (full 14):
 def new generation   total 145536K, used 145536K [0x00000000c0000000, 0x00000000c9de0000, 0x00000000d5550000)
  eden space 129408K, 100% used [0x00000000c0000000, 0x00000000c7e60000, 0x00000000c7e60000)
  from space 16128K, 100% used [0x00000000c7e60000, 0x00000000c8e20000, 0x00000000c8e20000)
  to   space 16128K,   0% used [0x00000000c8e20000, 0x00000000c8e20000, 0x00000000c9de0000)
 tenured generation   total 323024K, used 150762K [0x00000000d5550000, 0x00000000e90c4000, 0x0000000100000000)
   the space 323024K,  46% used [0x00000000d5550000, 0x00000000de88ab40, 0x00000000de88ac00, 0x00000000e90c4000)
 Metaspace       used 55890K, capacity 57934K, committed 58112K, reserved 1099776K
  class space    used 6749K, capacity 7135K, committed 7168K, reserved 1048576K
}
Event: 484.000 GC heap after
{Heap after GC invocations=91 (full 14):
 def new generation   total 145536K, used 16128K [0x00000000c0000000, 0x00000000c9de0000, 0x00000000d5550000)
  eden space 129408K,   0% used [0x00000000c0000000, 0x00000000c0000000, 0x00000000c7e60000)
  from space 16128K, 100% used [0x00000000c8e20000, 0x00000000c9de0000, 0x00000000c9de0000)
  to   space 16128K,   0% used [0x00000000c7e60000, 0x00000000c7e60000, 0x00000000c8e20000)
 tenured generation   total 323024K, used 216134K [0x00000000d5550000, 0x00000000e90c4000, 0x0000000100000000)
   the space 323024K,  66% used [0x00000000d5550000, 0x00000000e28618e0, 0x00000000e2861a00, 0x00000000e90c4000)
 Metaspace       used 55890K, capacity 57934K, committed 58112K, reserved 1099776K
  class space    used 6749K, capacity 7135K, committed 7168K, reserved 1048576K
}
Event: 484.499 GC heap before
{Heap before GC invocations=91 (full 14):
 def new generation   total 145536K, used 145536K [0x00000000c0000000, 0x00000000c9de0000, 0x00000000d5550000)
  eden space 129408K, 100% used [0x00000000c0000000, 0x00000000c7e60000, 0x00000000c7e60000)
  from space 16128K, 100% used [0x00000000c8e20000, 0x00000000c9de0000, 0x00000000c9de0000)
  to   space 16128K,   0% used [0x00000000c7e60000, 0x00000000c7e60000, 0x00000000c8e20000)
 tenured generation   total 323024K, used 216134K [0x00000000d5550000, 0x00000000e90c4000, 0x0000000100000000)
   the space 323024K,  66% used [0x00000000d5550000, 0x00000000e28618e0, 0x00000000e2861a00, 0x00000000e90c4000)
 Metaspace       used 55890K, capacity 57934K, committed 58112K, reserved 1099776K
  class space    used 6749K, capacity 7135K, committed 7168K, reserved 1048576K
}
Event: 485.102 GC heap after
{Heap after GC invocations=92 (full 14):
 def new generation   total 145536K, used 16128K [0x00000000c0000000, 0x00000000c9de0000, 0x00000000d5550000)
  eden space 129408K,   0% used [0x00000000c0000000, 0x00000000c0000000, 0x00000000c7e60000)
  from space 16128K, 100% used [0x00000000c7e60000, 0x00000000c8e20000, 0x00000000c8e20000)
  to   space 16128K,   0% used [0x00000000c8e20000, 0x00000000c8e20000, 0x00000000c9de0000)
 tenured generation   total 323024K, used 279458K [0x00000000d5550000, 0x00000000e90c4000, 0x0000000100000000)
   the space 323024K,  86% used [0x00000000d5550000, 0x00000000e6638800, 0x00000000e6638800, 0x00000000e90c4000)
 Metaspace       used 55890K, capacity 57934K, committed 58112K, reserved 1099776K
  class space    used 6749K, capacity 7135K, committed 7168K, reserved 1048576K
}
Event: 485.605 GC heap before
{Heap before GC invocations=92 (full 14):
 def new generation   total 145536K, used 145536K [0x00000000c0000000, 0x00000000c9de0000, 0x00000000d5550000)
  eden space 129408K, 100% used [0x00000000c0000000, 0x00000000c7e60000, 0x00000000c7e60000)
  from space 16128K, 100% used [0x00000000c7e60000, 0x00000000c8e20000, 0x00000000c8e20000)
  to   space 16128K,   0% used [0x00000000c8e20000, 0x00000000c8e20000, 0x00000000c9de0000)
 tenured generation   total 323024K, used 279458K [0x00000000d5550000, 0x00000000e90c4000, 0x0000000100000000)
   the space 323024K,  86% used [0x00000000d5550000, 0x00000000e6638800, 0x00000000e6638800, 0x00000000e90c4000)
 Metaspace       used 55890K, capacity 57934K, committed 58112K, reserved 1099776K
  class space    used 6749K, capacity 7135K, committed 7168K, reserved 1048576K
}

