# JRE version: Java(TM) SE Runtime Environment (9.0+11) (build 9.0.4+11)
# Java VM: Java HotSpot(TM) 64-Bit Server VM (9.0.4+11, mixed mode, tiered, compressed oops, serial gc, linux-amd64)
Heap:
 def new generation   total 60736K, used 57880K [0x00000000f0600000, 0x00000000f47e0000, 0x00000000f5950000)
  eden space 54016K, 100% used [0x00000000f0600000, 0x00000000f3ac0000, 0x00000000f3ac0000)
  from space 6720K,  57% used [0x00000000f4150000, 0x00000000f4516280, 0x00000000f47e0000)
  to   space 6720K,  10% used [0x00000000f3ac0000, 0x00000000f3b73210, 0x00000000f4150000)
 tenured generation   total 134900K, used 131794K [0x00000000f5950000, 0x00000000fdd0d000, 0x0000000100000000)
   the space 134900K,  97% used [0x00000000f5950000, 0x00000000fda04a70, 0x00000000fda04c00, 0x00000000fdd0d000)
 Metaspace       used 7538K, capacity 8090K, committed 8320K, reserved 1056768K
  class space    used 696K, capacity 813K, committed 896K, reserved 1048576K
GC Heap History (10 events):
Event: 6.780 GC heap after
{Heap after GC invocations=153 (full 5):
 def new generation   total 60736K, used 3908K [0x00000000f0600000, 0x00000000f47e0000, 0x00000000f5950000)
  eden space 54016K,   0% used [0x00000000f0600000, 0x00000000f0600000, 0x00000000f3ac0000)
  from space 6720K,  58% used [0x00000000f4150000, 0x00000000f45213c8, 0x00000000f47e0000)
  to   space 6720K,   0% used [0x00000000f3ac0000, 0x00000000f3ac0000, 0x00000000f4150000)
 tenured generation   total 134900K, used 123244K [0x00000000f5950000, 0x00000000fdd0d000, 0x0000000100000000)
   the space 134900K,  91% used [0x00000000f5950000, 0x00000000fd1ab310, 0x00000000fd1ab400, 0x00000000fdd0d000)
 Metaspace       used 7538K, capacity 8090K, committed 8320K, reserved 1056768K
  class space    used 696K, capacity 813K, committed 896K, reserved 1048576K
}
Event: 6.853 GC heap before
{Heap before GC invocations=153 (full 5):
 def new generation   total 60736K, used 57924K [0x00000000f0600000, 0x00000000f47e0000, 0x00000000f5950000)
  eden space 54016K, 100% used [0x00000000f0600000, 0x00000000f3ac0000, 0x00000000f3ac0000)
  from space 6720K,  58% used [0x00000000f4150000, 0x00000000f45213c8, 0x00000000f47e0000)
  to   space 6720K,   0% used [0x00000000f3ac0000, 0x00000000f3ac0000, 0x00000000f4150000)
 tenured generation   total 134900K, used 123244K [0x00000000f5950000, 0x00000000fdd0d000, 0x0000000100000000)
   the space 134900K,  91% used [0x00000000f5950000, 0x00000000fd1ab310, 0x00000000fd1ab400, 0x00000000fdd0d000)
 Metaspace       used 7538K, capacity 8090K, committed 8320K, reserved 1056768K
  class space    used 696K, capacity 813K, committed 896K, reserved 1048576K
}
Event: 7.042 GC heap after
{Heap after GC invocations=154 (full 5):
 def new generation   total 60736K, used 3908K [0x00000000f0600000, 0x00000000f47e0000, 0x00000000f5950000)
  eden space 54016K,   0% used [0x00000000f0600000, 0x00000000f0600000, 0x00000000f3ac0000)
  from space 6720K,  58% used [0x00000000f3ac0000, 0x00000000f3e913e0, 0x00000000f4150000)
  to   space 6720K,   0% used [0x00000000f4150000, 0x00000000f4150000, 0x00000000f47e0000)
 tenured generation   total 134900K, used 125199K [0x00000000f5950000, 0x00000000fdd0d000, 0x0000000100000000)
   the space 134900K,  92% used [0x00000000f5950000, 0x00000000fd393c10, 0x00000000fd393e00, 0x00000000fdd0d000)
 Metaspace       used 7538K, capacity 8090K, committed 8320K, reserved 1056768K
  class space    used 696K, capacity 813K, committed 896K, reserved 1048576K
}
Event: 7.179 GC heap before
{Heap before GC invocations=154 (full 5):
 def new generation   total 60736K, used 57924K [0x00000000f0600000, 0x00000000f47e0000, 0x00000000f5950000)
  eden space 54016K, 100% used [0x00000000f0600000, 0x00000000f3ac0000, 0x00000000f3ac0000)
  from space 6720K,  58% used [0x00000000f3ac0000, 0x00000000f3e913e0, 0x00000000f4150000)
  to   space 6720K,   0% used [0x00000000f4150000, 0x00000000f4150000, 0x00000000f47e0000)
 tenured generation   total 134900K, used 125199K [0x00000000f5950000, 0x00000000fdd0d000, 0x0000000100000000)
   the space 134900K,  92% used [0x00000000f5950000, 0x00000000fd393c10, 0x00000000fd393e00, 0x00000000fdd0d000)
 Metaspace       used 7538K, capacity 8090K, committed 8320K, reserved 1056768K
  class space    used 696K, capacity 813K, committed 896K, reserved 1048576K
}
Event: 7.254 GC heap after
{Heap after GC invocations=155 (full 5):
 def new generation   total 60736K, used 3909K [0x00000000f0600000, 0x00000000f47e0000, 0x00000000f5950000)
  eden space 54016K,   0% used [0x00000000f0600000, 0x00000000f0600000, 0x00000000f3ac0000)
  from space 6720K,  58% used [0x00000000f4150000, 0x00000000f4521438, 0x00000000f47e0000)
  to   space 6720K,   0% used [0x00000000f3ac0000, 0x00000000f3ac0000, 0x00000000f4150000)
 tenured generation   total 134900K, used 127153K [0x00000000f5950000, 0x00000000fdd0d000, 0x0000000100000000)
   the space 134900K,  94% used [0x00000000f5950000, 0x00000000fd57c510, 0x00000000fd57c600, 0x00000000fdd0d000)
 Metaspace       used 7538K, capacity 8090K, committed 8320K, reserved 1056768K
  class space    used 696K, capacity 813K, committed 896K, reserved 1048576K
}
Event: 7.708 GC heap before
{Heap before GC invocations=155 (full 5):
 def new generation   total 60736K, used 57925K [0x00000000f0600000, 0x00000000f47e0000, 0x00000000f5950000)
  eden space 54016K, 100% used [0x00000000f0600000, 0x00000000f3ac0000, 0x00000000f3ac0000)
  from space 6720K,  58% used [0x00000000f4150000, 0x00000000f4521438, 0x00000000f47e0000)
  to   space 6720K,   0% used [0x00000000f3ac0000, 0x00000000f3ac0000, 0x00000000f4150000)
 tenured generation   total 134900K, used 127153K [0x00000000f5950000, 0x00000000fdd0d000, 0x0000000100000000)
   the space 134900K,  94% used [0x00000000f5950000, 0x00000000fd57c510, 0x00000000fd57c600, 0x00000000fdd0d000)
 Metaspace       used 7538K, capacity 8090K, committed 8320K, reserved 1056768K
  class space    used 696K, capacity 813K, committed 896K, reserved 1048576K
}
Event: 7.823 GC heap after
{Heap after GC invocations=156 (full 5):
 def new generation   total 60736K, used 3909K [0x00000000f0600000, 0x00000000f47e0000, 0x00000000f5950000)
  eden space 54016K,   0% used [0x00000000f0600000, 0x00000000f0600000, 0x00000000f3ac0000)
  from space 6720K,  58% used [0x00000000f3ac0000, 0x00000000f3e91470, 0x00000000f4150000)
  to   space 6720K,   0% used [0x00000000f4150000, 0x00000000f4150000, 0x00000000f47e0000)
 tenured generation   total 134900K, used 129107K [0x00000000f5950000, 0x00000000fdd0d000, 0x0000000100000000)
   the space 134900K,  95% used [0x00000000f5950000, 0x00000000fd764e10, 0x00000000fd765000, 0x00000000fdd0d000)
 Metaspace       used 7538K, capacity 8090K, committed 8320K, reserved 1056768K
  class space    used 696K, capacity 813K, committed 896K, reserved 1048576K
}
Event: 8.169 GC heap before
{Heap before GC invocations=156 (full 5):
 def new generation   total 60736K, used 56817K [0x00000000f0600000, 0x00000000f47e0000, 0x00000000f5950000)
  eden space 54016K,  97% used [0x00000000f0600000, 0x00000000f39ab0b0, 0x00000000f3ac0000)
  from space 6720K,  58% used [0x00000000f3ac0000, 0x00000000f3e91470, 0x00000000f4150000)
  to   space 6720K,   0% used [0x00000000f4150000, 0x00000000f4150000, 0x00000000f47e0000)
 tenured generation   total 134900K, used 129107K [0x00000000f5950000, 0x00000000fdd0d000, 0x0000000100000000)
   the space 134900K,  95% used [0x00000000f5950000, 0x00000000fd764e10, 0x00000000fd765000, 0x00000000fdd0d000)
 Metaspace       used 7538K, capacity 8090K, committed 8320K, reserved 1056768K
  class space    used 696K, capacity 813K, committed 896K, reserved 1048576K
}
Event: 8.271 GC heap after
{Heap after GC invocations=157 (full 5):
 def new generation   total 60736K, used 3864K [0x00000000f0600000, 0x00000000f47e0000, 0x00000000f5950000)
  eden space 54016K,   0% used [0x00000000f0600000, 0x00000000f0600000, 0x00000000f3ac0000)
  from space 6720K,  57% used [0x00000000f4150000, 0x00000000f4516280, 0x00000000f47e0000)
  to   space 6720K,   0% used [0x00000000f3ac0000, 0x00000000f3ac0000, 0x00000000f4150000)
 tenured generation   total 134900K, used 131061K [0x00000000f5950000, 0x00000000fdd0d000, 0x0000000100000000)
   the space 134900K,  97% used [0x00000000f5950000, 0x00000000fd94d710, 0x00000000fd94d800, 0x00000000fdd0d000)
 Metaspace       used 7538K, capacity 8090K, committed 8320K, reserved 1056768K
  class space    used 696K, capacity 813K, committed 896K, reserved 1048576K
}
Event: 8.545 GC heap before
{Heap before GC invocations=157 (full 5):
 def new generation   total 60736K, used 57880K [0x00000000f0600000, 0x00000000f47e0000, 0x00000000f5950000)
  eden space 54016K, 100% used [0x00000000f0600000, 0x00000000f3ac0000, 0x00000000f3ac0000)
  from space 6720K,  57% used [0x00000000f4150000, 0x00000000f4516280, 0x00000000f47e0000)
  to   space 6720K,   0% used [0x00000000f3ac0000, 0x00000000f3ac0000, 0x00000000f4150000)
 tenured generation   total 134900K, used 131061K [0x00000000f5950000, 0x00000000fdd0d000, 0x0000000100000000)
   the space 134900K,  97% used [0x00000000f5950000, 0x00000000fd94d710, 0x00000000fd94d800, 0x00000000fdd0d000)
 Metaspace       used 7538K, capacity 8090K, committed 8320K, reserved 1056768K
  class space    used 696K, capacity 813K, committed 896K, reserved 1048576K
}

