# JRE version: Java(TM) SE Runtime Environment (9.0+11) (build 9.0.4+11)
# Java VM: Java HotSpot(TM) 64-Bit Server VM (9.0.4+11, mixed mode, tiered, compressed oops, serial gc, linux-amd64)
Heap:
 def new generation   total 141632K, used 15533K [0x00000000c0000000, 0x00000000c99a0000, 0x00000000d5550000)
  eden space 125952K,  12% used [0x00000000c0000000, 0x00000000c0f2b4a0, 0x00000000c7b00000)
  from space 15680K,   0% used [0x00000000c8a50000, 0x00000000c8a50000, 0x00000000c99a0000)
  to   space 15680K,   0% used [0x00000000c7b00000, 0x00000000c7b00000, 0x00000000c8a50000)
 tenured generation   total 361388K, used 361387K [0x00000000d5550000, 0x00000000eb63b000, 0x0000000100000000)
   the space 361388K,  99% used [0x00000000d5550000, 0x00000000eb63aff8, 0x00000000eb63b000, 0x00000000eb63b000)
 Metaspace       used 42466K, capacity 43528K, committed 43736K, reserved 1087488K
  class space    used 5525K, capacity 5784K, committed 5888K, reserved 1048576K
GC Heap History (10 events):
Event: 19.650 GC heap after
{Heap after GC invocations=60 (full 8):
 def new generation   total 141632K, used 15679K [0x00000000c0000000, 0x00000000c99a0000, 0x00000000d5550000)
  eden space 125952K,   0% used [0x00000000c0000000, 0x00000000c0000000, 0x00000000c7b00000)
  from space 15680K,  99% used [0x00000000c7b00000, 0x00000000c8a4fff8, 0x00000000c8a50000)
  to   space 15680K,   0% used [0x00000000c8a50000, 0x00000000c8a50000, 0x00000000c99a0000)
 tenured generation   total 314348K, used 285267K [0x00000000d5550000, 0x00000000e884b000, 0x0000000100000000)
   the space 314348K,  90% used [0x00000000d5550000, 0x00000000e6be4cb8, 0x00000000e6be4e00, 0x00000000e884b000)
 Metaspace       used 42455K, capacity 43524K, committed 43736K, reserved 1087488K
  class space    used 5524K, capacity 5784K, committed 5888K, reserved 1048576K
}
Event: 20.120 GC heap before
{Heap before GC invocations=60 (full 8):
 def new generation   total 141632K, used 141631K [0x00000000c0000000, 0x00000000c99a0000, 0x00000000d5550000)
  eden space 125952K, 100% used [0x00000000c0000000, 0x00000000c7b00000, 0x00000000c7b00000)
  from space 15680K,  99% used [0x00000000c7b00000, 0x00000000c8a4fff8, 0x00000000c8a50000)
  to   space 15680K,   0% used [0x00000000c8a50000, 0x00000000c8a50000, 0x00000000c99a0000)
 tenured generation   total 314348K, used 285267K [0x00000000d5550000, 0x00000000e884b000, 0x0000000100000000)
   the space 314348K,  90% used [0x00000000d5550000, 0x00000000e6be4cb8, 0x00000000e6be4e00, 0x00000000e884b000)
 Metaspace       used 42455K, capacity 43524K, committed 43736K, reserved 1087488K
  class space    used 5524K, capacity 5784K, committed 5888K, reserved 1048576K
}
Event: 21.040 GC heap after
{Heap after GC invocations=61 (full 9):
 def new generation   total 141632K, used 0K [0x00000000c0000000, 0x00000000c99a0000, 0x00000000d5550000)
  eden space 125952K,   0% used [0x00000000c0000000, 0x00000000c0000000, 0x00000000c7b00000)
  from space 15680K,   0% used [0x00000000c8a50000, 0x00000000c8a50000, 0x00000000c99a0000)
  to   space 15680K,   0% used [0x00000000c7b00000, 0x00000000c7b00000, 0x00000000c8a50000)
 tenured generation   total 314348K, used 125135K [0x00000000d5550000, 0x00000000e884b000, 0x0000000100000000)
   the space 314348K,  39% used [0x00000000d5550000, 0x00000000dcf83fe8, 0x00000000dcf84000, 0x00000000e884b000)
 Metaspace       used 42455K, capacity 43524K, committed 43736K, reserved 1087488K
  class space    used 5524K, capacity 5784K, committed 5888K, reserved 1048576K
}
Event: 21.373 GC heap before
{Heap before GC invocations=61 (full 9):
 def new generation   total 141632K, used 125952K [0x00000000c0000000, 0x00000000c99a0000, 0x00000000d5550000)
  eden space 125952K, 100% used [0x00000000c0000000, 0x00000000c7b00000, 0x00000000c7b00000)
  from space 15680K,   0% used [0x00000000c8a50000, 0x00000000c8a50000, 0x00000000c99a0000)
  to   space 15680K,   0% used [0x00000000c7b00000, 0x00000000c7b00000, 0x00000000c8a50000)
 tenured generation   total 314348K, used 125135K [0x00000000d5550000, 0x00000000e884b000, 0x0000000100000000)
   the space 314348K,  39% used [0x00000000d5550000, 0x00000000dcf83fe8, 0x00000000dcf84000, 0x00000000e884b000)
 Metaspace       used 42463K, capacity 43528K, committed 43736K, reserved 1087488K
  class space    used 5525K, capacity 5784K, committed 5888K, reserved 1048576K
}
Event: 21.703 GC heap after
{Heap after GC invocations=62 (full 9):
 def new generation   total 141632K, used 15680K [0x00000000c0000000, 0x00000000c99a0000, 0x00000000d5550000)
  eden space 125952K,   0% used [0x00000000c0000000, 0x00000000c0000000, 0x00000000c7b00000)
  from space 15680K, 100% used [0x00000000c7b00000, 0x00000000c8a50000, 0x00000000c8a50000)
  to   space 15680K,   0% used [0x00000000c8a50000, 0x00000000c8a50000, 0x00000000c99a0000)
 tenured generation   total 314348K, used 172550K [0x00000000d5550000, 0x00000000e884b000, 0x0000000100000000)
   the space 314348K,  54% used [0x00000000d5550000, 0x00000000dfdd1930, 0x00000000dfdd1a00, 0x00000000e884b000)
 Metaspace       used 42463K, capacity 43528K, committed 43736K, reserved 1087488K
  class space    used 5525K, capacity 5784K, committed 5888K, reserved 1048576K
}
Event: 22.020 GC heap before
{Heap before GC invocations=62 (full 9):
 def new generation   total 141632K, used 141632K [0x00000000c0000000, 0x00000000c99a0000, 0x00000000d5550000)
  eden space 125952K, 100% used [0x00000000c0000000, 0x00000000c7b00000, 0x00000000c7b00000)
  from space 15680K, 100% used [0x00000000c7b00000, 0x00000000c8a50000, 0x00000000c8a50000)
  to   space 15680K,   0% used [0x00000000c8a50000, 0x00000000c8a50000, 0x00000000c99a0000)
 tenured generation   total 314348K, used 172550K [0x00000000d5550000, 0x00000000e884b000, 0x0000000100000000)
   the space 314348K,  54% used [0x00000000d5550000, 0x00000000dfdd1930, 0x00000000dfdd1a00, 0x00000000e884b000)
 Metaspace       used 42463K, capacity 43528K, committed 43736K, reserved 1087488K
  class space    used 5525K, capacity 5784K, committed 5888K, reserved 1048576K
}
Event: 22.406 GC heap after
{Heap after GC invocations=63 (full 9):
 def new generation   total 141632K, used 15679K [0x00000000c0000000, 0x00000000c99a0000, 0x00000000d5550000)
  eden space 125952K,   0% used [0x00000000c0000000, 0x00000000c0000000, 0x00000000c7b00000)
  from space 15680K,  99% used [0x00000000c8a50000, 0x00000000c999fff0, 0x00000000c99a0000)
  to   space 15680K,   0% used [0x00000000c7b00000, 0x00000000c7b00000, 0x00000000c8a50000)
 tenured generation   total 314348K, used 239672K [0x00000000d5550000, 0x00000000e884b000, 0x0000000100000000)
   the space 314348K,  76% used [0x00000000d5550000, 0x00000000e3f5e220, 0x00000000e3f5e400, 0x00000000e884b000)
 Metaspace       used 42463K, capacity 43528K, committed 43736K, reserved 1087488K
  class space    used 5525K, capacity 5784K, committed 5888K, reserved 1048576K
}
Event: 22.743 GC heap before
{Heap before GC invocations=63 (full 9):
 def new generation   total 141632K, used 141631K [0x00000000c0000000, 0x00000000c99a0000, 0x00000000d5550000)
  eden space 125952K, 100% used [0x00000000c0000000, 0x00000000c7b00000, 0x00000000c7b00000)
  from space 15680K,  99% used [0x00000000c8a50000, 0x00000000c999fff0, 0x00000000c99a0000)
  to   space 15680K,   0% used [0x00000000c7b00000, 0x00000000c7b00000, 0x00000000c8a50000)
 tenured generation   total 314348K, used 239672K [0x00000000d5550000, 0x00000000e884b000, 0x0000000100000000)
   the space 314348K,  76% used [0x00000000d5550000, 0x00000000e3f5e220, 0x00000000e3f5e400, 0x00000000e884b000)
 Metaspace       used 42465K, capacity 43528K, committed 43736K, reserved 1087488K
  class space    used 5525K, capacity 5784K, committed 5888K, reserved 1048576K
}
Event: 23.150 GC heap after
{Heap after GC invocations=64 (full 9):
 def new generation   total 141632K, used 15679K [0x00000000c0000000, 0x00000000c99a0000, 0x00000000d5550000)
  eden space 125952K,   0% used [0x00000000c0000000, 0x00000000c0000000, 0x00000000c7b00000)
  from space 15680K,  99% used [0x00000000c7b00000, 0x00000000c8a4fff8, 0x00000000c8a50000)
  to   space 15680K,   0% used [0x00000000c8a50000, 0x00000000c8a50000, 0x00000000c99a0000)
 tenured generation   total 314348K, used 302378K [0x00000000d5550000, 0x00000000e884b000, 0x0000000100000000)
   the space 314348K,  96% used [0x00000000d5550000, 0x00000000e7c9abe8, 0x00000000e7c9ac00, 0x00000000e884b000)
 Metaspace       used 42465K, capacity 43528K, committed 43736K, reserved 1087488K
  class space    used 5525K, capacity 5784K, committed 5888K, reserved 1048576K
}
Event: 23.498 GC heap before
{Heap before GC invocations=64 (full 9):
 def new generation   total 141632K, used 141631K [0x00000000c0000000, 0x00000000c99a0000, 0x00000000d5550000)
  eden space 125952K, 100% used [0x00000000c0000000, 0x00000000c7b00000, 0x00000000c7b00000)
  from space 15680K,  99% used [0x00000000c7b00000, 0x00000000c8a4fff8, 0x00000000c8a50000)
  to   space 15680K,   0% used [0x00000000c8a50000, 0x00000000c8a50000, 0x00000000c99a0000)
 tenured generation   total 314348K, used 302378K [0x00000000d5550000, 0x00000000e884b000, 0x0000000100000000)
   the space 314348K,  96% used [0x00000000d5550000, 0x00000000e7c9abe8, 0x00000000e7c9ac00, 0x00000000e884b000)
 Metaspace       used 42466K, capacity 43528K, committed 43736K, reserved 1087488K
  class space    used 5525K, capacity 5784K, committed 5888K, reserved 1048576K
}

