# JRE version: Java(TM) SE Runtime Environment (9.0+11) (build 9.0.4+11)
# Java VM: Java HotSpot(TM) 64-Bit Server VM (9.0.4+11, mixed mode, tiered, compressed oops, serial gc, linux-amd64)
Heap:
 def new generation   total 139072K, used 4943K [0x00000000c0000000, 0x00000000c96e0000, 0x00000000d5550000)
  eden space 123648K,   3% used [0x00000000c0000000, 0x00000000c04d3ca8, 0x00000000c78c0000)
  from space 15424K,   0% used [0x00000000c78c0000, 0x00000000c78c0000, 0x00000000c87d0000)
  to   space 15424K,   0% used [0x00000000c87d0000, 0x00000000c87d0000, 0x00000000c96e0000)
 tenured generation   total 337336K, used 337335K [0x00000000d5550000, 0x00000000e9ebe000, 0x0000000100000000)
   the space 337336K,  99% used [0x00000000d5550000, 0x00000000e9ebdfe8, 0x00000000e9ebe000, 0x00000000e9ebe000)
 Metaspace       used 42446K, capacity 43464K, committed 43776K, reserved 1087488K
  class space    used 5527K, capacity 5784K, committed 5888K, reserved 1048576K
GC Heap History (10 events):
Event: 17.650 GC heap after
{Heap after GC invocations=56 (full 8):
 def new generation   total 139072K, used 15424K [0x00000000c0000000, 0x00000000c96e0000, 0x00000000d5550000)
  eden space 123648K,   0% used [0x00000000c0000000, 0x00000000c0000000, 0x00000000c78c0000)
  from space 15424K, 100% used [0x00000000c87d0000, 0x00000000c96e0000, 0x00000000c96e0000)
  to   space 15424K,   0% used [0x00000000c78c0000, 0x00000000c78c0000, 0x00000000c87d0000)
 tenured generation   total 308728K, used 225899K [0x00000000d5550000, 0x00000000e82ce000, 0x0000000100000000)
   the space 308728K,  73% used [0x00000000d5550000, 0x00000000e31eaef0, 0x00000000e31eb000, 0x00000000e82ce000)
 Metaspace       used 42433K, capacity 43460K, committed 43776K, reserved 1087488K
  class space    used 5526K, capacity 5784K, committed 5888K, reserved 1048576K
}
Event: 17.994 GC heap before
{Heap before GC invocations=56 (full 8):
 def new generation   total 139072K, used 139072K [0x00000000c0000000, 0x00000000c96e0000, 0x00000000d5550000)
  eden space 123648K, 100% used [0x00000000c0000000, 0x00000000c78c0000, 0x00000000c78c0000)
  from space 15424K, 100% used [0x00000000c87d0000, 0x00000000c96e0000, 0x00000000c96e0000)
  to   space 15424K,   0% used [0x00000000c78c0000, 0x00000000c78c0000, 0x00000000c87d0000)
 tenured generation   total 308728K, used 225899K [0x00000000d5550000, 0x00000000e82ce000, 0x0000000100000000)
   the space 308728K,  73% used [0x00000000d5550000, 0x00000000e31eaef0, 0x00000000e31eb000, 0x00000000e82ce000)
 Metaspace       used 42438K, capacity 43460K, committed 43776K, reserved 1087488K
  class space    used 5526K, capacity 5784K, committed 5888K, reserved 1048576K
}
Event: 18.568 GC heap after
{Heap after GC invocations=57 (full 8):
 def new generation   total 139072K, used 15423K [0x00000000c0000000, 0x00000000c96e0000, 0x00000000d5550000)
  eden space 123648K,   0% used [0x00000000c0000000, 0x00000000c0000000, 0x00000000c78c0000)
  from space 15424K,  99% used [0x00000000c78c0000, 0x00000000c87cfff8, 0x00000000c87d0000)
  to   space 15424K,   0% used [0x00000000c87d0000, 0x00000000c87d0000, 0x00000000c96e0000)
 tenured generation   total 308728K, used 289511K [0x00000000d5550000, 0x00000000e82ce000, 0x0000000100000000)
   the space 308728K,  93% used [0x00000000d5550000, 0x00000000e7009c40, 0x00000000e7009e00, 0x00000000e82ce000)
 Metaspace       used 42438K, capacity 43460K, committed 43776K, reserved 1087488K
  class space    used 5526K, capacity 5784K, committed 5888K, reserved 1048576K
}
Event: 18.903 GC heap before
{Heap before GC invocations=57 (full 8):
 def new generation   total 139072K, used 139071K [0x00000000c0000000, 0x00000000c96e0000, 0x00000000d5550000)
  eden space 123648K, 100% used [0x00000000c0000000, 0x00000000c78c0000, 0x00000000c78c0000)
  from space 15424K,  99% used [0x00000000c78c0000, 0x00000000c87cfff8, 0x00000000c87d0000)
  to   space 15424K,   0% used [0x00000000c87d0000, 0x00000000c87d0000, 0x00000000c96e0000)
 tenured generation   total 308728K, used 289511K [0x00000000d5550000, 0x00000000e82ce000, 0x0000000100000000)
   the space 308728K,  93% used [0x00000000d5550000, 0x00000000e7009c40, 0x00000000e7009e00, 0x00000000e82ce000)
 Metaspace       used 42438K, capacity 43460K, committed 43776K, reserved 1087488K
  class space    used 5526K, capacity 5784K, committed 5888K, reserved 1048576K
}
Event: 20.030 GC heap after
{Heap after GC invocations=58 (full 9):
 def new generation   total 139072K, used 0K [0x00000000c0000000, 0x00000000c96e0000, 0x00000000d5550000)
  eden space 123648K,   0% used [0x00000000c0000000, 0x00000000c0000000, 0x00000000c78c0000)
  from space 15424K,   0% used [0x00000000c87d0000, 0x00000000c87d0000, 0x00000000c96e0000)
  to   space 15424K,   0% used [0x00000000c78c0000, 0x00000000c78c0000, 0x00000000c87d0000)
 tenured generation   total 308728K, used 172416K [0x00000000d5550000, 0x00000000e82ce000, 0x0000000100000000)
   the space 308728K,  55% used [0x00000000d5550000, 0x00000000dfdb02c8, 0x00000000dfdb0400, 0x00000000e82ce000)
 Metaspace       used 42438K, capacity 43460K, committed 43776K, reserved 1087488K
  class space    used 5526K, capacity 5784K, committed 5888K, reserved 1048576K
}
Event: 20.415 GC heap before
{Heap before GC invocations=58 (full 9):
 def new generation   total 139072K, used 123648K [0x00000000c0000000, 0x00000000c96e0000, 0x00000000d5550000)
  eden space 123648K, 100% used [0x00000000c0000000, 0x00000000c78c0000, 0x00000000c78c0000)
  from space 15424K,   0% used [0x00000000c87d0000, 0x00000000c87d0000, 0x00000000c96e0000)
  to   space 15424K,   0% used [0x00000000c78c0000, 0x00000000c78c0000, 0x00000000c87d0000)
 tenured generation   total 308728K, used 172416K [0x00000000d5550000, 0x00000000e82ce000, 0x0000000100000000)
   the space 308728K,  55% used [0x00000000d5550000, 0x00000000dfdb02c8, 0x00000000dfdb0400, 0x00000000e82ce000)
 Metaspace       used 42445K, capacity 43460K, committed 43776K, reserved 1087488K
  class space    used 5527K, capacity 5784K, committed 5888K, reserved 1048576K
}
Event: 20.849 GC heap after
{Heap after GC invocations=59 (full 9):
 def new generation   total 139072K, used 15423K [0x00000000c0000000, 0x00000000c96e0000, 0x00000000d5550000)
  eden space 123648K,   0% used [0x00000000c0000000, 0x00000000c0000000, 0x00000000c78c0000)
  from space 15424K,  99% used [0x00000000c78c0000, 0x00000000c87cfff8, 0x00000000c87d0000)
  to   space 15424K,   0% used [0x00000000c87d0000, 0x00000000c87d0000, 0x00000000c96e0000)
 tenured generation   total 308728K, used 207798K [0x00000000d5550000, 0x00000000e82ce000, 0x0000000100000000)
   the space 308728K,  67% used [0x00000000d5550000, 0x00000000e203dba0, 0x00000000e203dc00, 0x00000000e82ce000)
 Metaspace       used 42445K, capacity 43460K, committed 43776K, reserved 1087488K
  class space    used 5527K, capacity 5784K, committed 5888K, reserved 1048576K
}
Event: 21.210 GC heap before
{Heap before GC invocations=59 (full 9):
 def new generation   total 139072K, used 139071K [0x00000000c0000000, 0x00000000c96e0000, 0x00000000d5550000)
  eden space 123648K, 100% used [0x00000000c0000000, 0x00000000c78c0000, 0x00000000c78c0000)
  from space 15424K,  99% used [0x00000000c78c0000, 0x00000000c87cfff8, 0x00000000c87d0000)
  to   space 15424K,   0% used [0x00000000c87d0000, 0x00000000c87d0000, 0x00000000c96e0000)
 tenured generation   total 308728K, used 207798K [0x00000000d5550000, 0x00000000e82ce000, 0x0000000100000000)
   the space 308728K,  67% used [0x00000000d5550000, 0x00000000e203dba0, 0x00000000e203dc00, 0x00000000e82ce000)
 Metaspace       used 42446K, capacity 43464K, committed 43776K, reserved 1087488K
  class space    used 5527K, capacity 5784K, committed 5888K, reserved 1048576K
}
Event: 21.533 GC heap after
{Heap after GC invocations=60 (full 9):
 def new generation   total 139072K, used 15424K [0x00000000c0000000, 0x00000000c96e0000, 0x00000000d5550000)
  eden space 123648K,   0% used [0x00000000c0000000, 0x00000000c0000000, 0x00000000c78c0000)
  from space 15424K, 100% used [0x00000000c87d0000, 0x00000000c96e0000, 0x00000000c96e0000)
  to   space 15424K,   0% used [0x00000000c78c0000, 0x00000000c78c0000, 0x00000000c87d0000)
 tenured generation   total 308728K, used 268100K [0x00000000d5550000, 0x00000000e82ce000, 0x0000000100000000)
   the space 308728K,  86% used [0x00000000d5550000, 0x00000000e5b21210, 0x00000000e5b21400, 0x00000000e82ce000)
 Metaspace       used 42446K, capacity 43464K, committed 43776K, reserved 1087488K
  class space    used 5527K, capacity 5784K, committed 5888K, reserved 1048576K
}
Event: 21.921 GC heap before
{Heap before GC invocations=60 (full 9):
 def new generation   total 139072K, used 139072K [0x00000000c0000000, 0x00000000c96e0000, 0x00000000d5550000)
  eden space 123648K, 100% used [0x00000000c0000000, 0x00000000c78c0000, 0x00000000c78c0000)
  from space 15424K, 100% used [0x00000000c87d0000, 0x00000000c96e0000, 0x00000000c96e0000)
  to   space 15424K,   0% used [0x00000000c78c0000, 0x00000000c78c0000, 0x00000000c87d0000)
 tenured generation   total 308728K, used 268100K [0x00000000d5550000, 0x00000000e82ce000, 0x0000000100000000)
   the space 308728K,  86% used [0x00000000d5550000, 0x00000000e5b21210, 0x00000000e5b21400, 0x00000000e82ce000)
 Metaspace       used 42446K, capacity 43464K, committed 43776K, reserved 1087488K
  class space    used 5527K, capacity 5784K, committed 5888K, reserved 1048576K
}

