# JRE version: Java(TM) SE Runtime Environment (9.0+11) (build 9.0.4+11)
# Java VM: Java HotSpot(TM) 64-Bit Server VM (9.0.4+11, mixed mode, tiered, compressed oops, serial gc, linux-amd64)
Heap:
 def new generation   total 212608K, used 212608K [0x00000000c0000000, 0x00000000ce6b0000, 0x00000000d5550000)
  eden space 188992K, 100% used [0x00000000c0000000, 0x00000000cb890000, 0x00000000cb890000)
  from space 23616K, 100% used [0x00000000cb890000, 0x00000000ccfa0000, 0x00000000ccfa0000)
  to   space 23616K,  99% used [0x00000000ccfa0000, 0x00000000ce6afff8, 0x00000000ce6b0000)
 tenured generation   total 472160K, used 472159K [0x00000000d5550000, 0x00000000f2268000, 0x0000000100000000)
   the space 472160K,  99% used [0x00000000d5550000, 0x00000000f2267ff0, 0x00000000f2268000, 0x00000000f2268000)
 Metaspace       used 42426K, capacity 43400K, committed 43520K, reserved 1087488K
  class space    used 5526K, capacity 5784K, committed 5888K, reserved 1048576K
GC Heap History (10 events):
Event: 20.074 GC heap after
{Heap after GC invocations=64 (full 9):
 def new generation   total 116544K, used 12928K [0x00000000c0000000, 0x00000000c7e70000, 0x00000000d5550000)
  eden space 103616K,   0% used [0x00000000c0000000, 0x00000000c0000000, 0x00000000c6530000)
  from space 12928K, 100% used [0x00000000c71d0000, 0x00000000c7e70000, 0x00000000c7e70000)
  to   space 12928K,   0% used [0x00000000c6530000, 0x00000000c6530000, 0x00000000c71d0000)
 tenured generation   total 258720K, used 175827K [0x00000000d5550000, 0x00000000e51f8000, 0x0000000100000000)
   the space 258720K,  67% used [0x00000000d5550000, 0x00000000e0104f58, 0x00000000e0105000, 0x00000000e51f8000)
 Metaspace       used 42409K, capacity 43396K, committed 43520K, reserved 1087488K
  class space    used 5525K, capacity 5784K, committed 5888K, reserved 1048576K
}
Event: 20.384 GC heap before
{Heap before GC invocations=64 (full 9):
 def new generation   total 116544K, used 116544K [0x00000000c0000000, 0x00000000c7e70000, 0x00000000d5550000)
  eden space 103616K, 100% used [0x00000000c0000000, 0x00000000c6530000, 0x00000000c6530000)
  from space 12928K, 100% used [0x00000000c71d0000, 0x00000000c7e70000, 0x00000000c7e70000)
  to   space 12928K,   0% used [0x00000000c6530000, 0x00000000c6530000, 0x00000000c71d0000)
 tenured generation   total 258720K, used 175827K [0x00000000d5550000, 0x00000000e51f8000, 0x0000000100000000)
   the space 258720K,  67% used [0x00000000d5550000, 0x00000000e0104f58, 0x00000000e0105000, 0x00000000e51f8000)
 Metaspace       used 42417K, capacity 43396K, committed 43520K, reserved 1087488K
  class space    used 5526K, capacity 5784K, committed 5888K, reserved 1048576K
}
Event: 20.966 GC heap after
{Heap after GC invocations=65 (full 9):
 def new generation   total 116544K, used 12928K [0x00000000c0000000, 0x00000000c7e70000, 0x00000000d5550000)
  eden space 103616K,   0% used [0x00000000c0000000, 0x00000000c0000000, 0x00000000c6530000)
  from space 12928K, 100% used [0x00000000c6530000, 0x00000000c71d0000, 0x00000000c71d0000)
  to   space 12928K,   0% used [0x00000000c71d0000, 0x00000000c71d0000, 0x00000000c7e70000)
 tenured generation   total 258720K, used 228836K [0x00000000d5550000, 0x00000000e51f8000, 0x0000000100000000)
   the space 258720K,  88% used [0x00000000d5550000, 0x00000000e34c93e0, 0x00000000e34c9400, 0x00000000e51f8000)
 Metaspace       used 42417K, capacity 43396K, committed 43520K, reserved 1087488K
  class space    used 5526K, capacity 5784K, committed 5888K, reserved 1048576K
}
Event: 21.262 GC heap before
{Heap before GC invocations=65 (full 9):
 def new generation   total 116544K, used 116544K [0x00000000c0000000, 0x00000000c7e70000, 0x00000000d5550000)
  eden space 103616K, 100% used [0x00000000c0000000, 0x00000000c6530000, 0x00000000c6530000)
  from space 12928K, 100% used [0x00000000c6530000, 0x00000000c71d0000, 0x00000000c71d0000)
  to   space 12928K,   0% used [0x00000000c71d0000, 0x00000000c71d0000, 0x00000000c7e70000)
 tenured generation   total 258720K, used 228836K [0x00000000d5550000, 0x00000000e51f8000, 0x0000000100000000)
   the space 258720K,  88% used [0x00000000d5550000, 0x00000000e34c93e0, 0x00000000e34c9400, 0x00000000e51f8000)
 Metaspace       used 42417K, capacity 43400K, committed 43520K, reserved 1087488K
  class space    used 5526K, capacity 5784K, committed 5888K, reserved 1048576K
}
Event: 22.550 GC heap after
{Heap after GC invocations=66 (full 10):
 def new generation   total 212608K, used 9892K [0x00000000c0000000, 0x00000000ce6b0000, 0x00000000d5550000)
  eden space 188992K,   5% used [0x00000000c0000000, 0x00000000c09a91a0, 0x00000000cb890000)
  from space 23616K,   0% used [0x00000000cb890000, 0x00000000cb890000, 0x00000000ccfa0000)
  to   space 23616K,   0% used [0x00000000ccfa0000, 0x00000000ccfa0000, 0x00000000ce6b0000)
 tenured generation   total 472160K, used 283295K [0x00000000d5550000, 0x00000000f2268000, 0x0000000100000000)
   the space 472160K,  59% used [0x00000000d5550000, 0x00000000e69f7ff8, 0x00000000e69f8000, 0x00000000f2268000)
 Metaspace       used 42417K, capacity 43400K, committed 43520K, reserved 1087488K
  class space    used 5526K, capacity 5784K, committed 5888K, reserved 1048576K
}
Event: 23.165 GC heap before
{Heap before GC invocations=66 (full 10):
 def new generation   total 212608K, used 188992K [0x00000000c0000000, 0x00000000ce6b0000, 0x00000000d5550000)
  eden space 188992K, 100% used [0x00000000c0000000, 0x00000000cb890000, 0x00000000cb890000)
  from space 23616K,   0% used [0x00000000cb890000, 0x00000000cb890000, 0x00000000ccfa0000)
  to   space 23616K,   0% used [0x00000000ccfa0000, 0x00000000ccfa0000, 0x00000000ce6b0000)
 tenured generation   total 472160K, used 283295K [0x00000000d5550000, 0x00000000f2268000, 0x0000000100000000)
   the space 472160K,  59% used [0x00000000d5550000, 0x00000000e69f7ff8, 0x00000000e69f8000, 0x00000000f2268000)
 Metaspace       used 42424K, capacity 43400K, committed 43520K, reserved 1087488K
  class space    used 5526K, capacity 5784K, committed 5888K, reserved 1048576K
}
Event: 23.787 GC heap after
{Heap after GC invocations=67 (full 10):
 def new generation   total 212608K, used 23615K [0x00000000c0000000, 0x00000000ce6b0000, 0x00000000d5550000)
  eden space 188992K,   0% used [0x00000000c0000000, 0x00000000c0000000, 0x00000000cb890000)
  from space 23616K,  99% used [0x00000000ccfa0000, 0x00000000ce6afff8, 0x00000000ce6b0000)
  to   space 23616K,   0% used [0x00000000cb890000, 0x00000000cb890000, 0x00000000ccfa0000)
 tenured generation   total 472160K, used 346441K [0x00000000d5550000, 0x00000000f2268000, 0x0000000100000000)
   the space 472160K,  73% used [0x00000000d5550000, 0x00000000ea7a24e0, 0x00000000ea7a2600, 0x00000000f2268000)
 Metaspace       used 42424K, capacity 43400K, committed 43520K, reserved 1087488K
  class space    used 5526K, capacity 5784K, committed 5888K, reserved 1048576K
}
Event: 24.297 GC heap before
{Heap before GC invocations=67 (full 10):
 def new generation   total 212608K, used 212607K [0x00000000c0000000, 0x00000000ce6b0000, 0x00000000d5550000)
  eden space 188992K, 100% used [0x00000000c0000000, 0x00000000cb890000, 0x00000000cb890000)
  from space 23616K,  99% used [0x00000000ccfa0000, 0x00000000ce6afff8, 0x00000000ce6b0000)
  to   space 23616K,   0% used [0x00000000cb890000, 0x00000000cb890000, 0x00000000ccfa0000)
 tenured generation   total 472160K, used 346441K [0x00000000d5550000, 0x00000000f2268000, 0x0000000100000000)
   the space 472160K,  73% used [0x00000000d5550000, 0x00000000ea7a24e0, 0x00000000ea7a2600, 0x00000000f2268000)
 Metaspace       used 42426K, capacity 43400K, committed 43520K, reserved 1087488K
  class space    used 5526K, capacity 5784K, committed 5888K, reserved 1048576K
}
Event: 24.963 GC heap after
{Heap after GC invocations=68 (full 10):
 def new generation   total 212608K, used 23616K [0x00000000c0000000, 0x00000000ce6b0000, 0x00000000d5550000)
  eden space 188992K,   0% used [0x00000000c0000000, 0x00000000c0000000, 0x00000000cb890000)
  from space 23616K, 100% used [0x00000000cb890000, 0x00000000ccfa0000, 0x00000000ccfa0000)
  to   space 23616K,   0% used [0x00000000ccfa0000, 0x00000000ccfa0000, 0x00000000ce6b0000)
 tenured generation   total 472160K, used 418136K [0x00000000d5550000, 0x00000000f2268000, 0x0000000100000000)
   the space 472160K,  88% used [0x00000000d5550000, 0x00000000eeda6398, 0x00000000eeda6400, 0x00000000f2268000)
 Metaspace       used 42426K, capacity 43400K, committed 43520K, reserved 1087488K
  class space    used 5526K, capacity 5784K, committed 5888K, reserved 1048576K
}
Event: 25.297 GC heap before
{Heap before GC invocations=68 (full 10):
 def new generation   total 212608K, used 212608K [0x00000000c0000000, 0x00000000ce6b0000, 0x00000000d5550000)
  eden space 188992K, 100% used [0x00000000c0000000, 0x00000000cb890000, 0x00000000cb890000)
  from space 23616K, 100% used [0x00000000cb890000, 0x00000000ccfa0000, 0x00000000ccfa0000)
  to   space 23616K,   0% used [0x00000000ccfa0000, 0x00000000ccfa0000, 0x00000000ce6b0000)
 tenured generation   total 472160K, used 418136K [0x00000000d5550000, 0x00000000f2268000, 0x0000000100000000)
   the space 472160K,  88% used [0x00000000d5550000, 0x00000000eeda6398, 0x00000000eeda6400, 0x00000000f2268000)
 Metaspace       used 42426K, capacity 43400K, committed 43520K, reserved 1087488K
  class space    used 5526K, capacity 5784K, committed 5888K, reserved 1048576K
}

