# JRE version: Java(TM) SE Runtime Environment (9.0+11) (build 9.0.4+11)
# Java VM: Java HotSpot(TM) 64-Bit Server VM (9.0.4+11, mixed mode, tiered, compressed oops, serial gc, linux-amd64)
Heap:
 def new generation   total 126144K, used 13811K [0x00000000c0000000, 0x00000000c88d0000, 0x00000000d5550000)
  eden space 112192K,  12% used [0x00000000c0000000, 0x00000000c0d7ceb8, 0x00000000c6d90000)
  from space 13952K,   0% used [0x00000000c7b30000, 0x00000000c7b30000, 0x00000000c88d0000)
  to   space 13952K,   0% used [0x00000000c6d90000, 0x00000000c6d90000, 0x00000000c7b30000)
 tenured generation   total 326728K, used 326727K [0x00000000d5550000, 0x00000000e9462000, 0x0000000100000000)
   the space 326728K,  99% used [0x00000000d5550000, 0x00000000e9461f40, 0x00000000e9462000, 0x00000000e9462000)
 Metaspace       used 54501K, capacity 56400K, committed 56576K, reserved 1099776K
  class space    used 6686K, capacity 7048K, committed 7168K, reserved 1048576K
GC Heap History (10 events):
Event: 218.063 GC heap after
{Heap after GC invocations=69 (full 9):
 def new generation   total 67968K, used 7488K [0x00000000c0000000, 0x00000000c49b0000, 0x00000000d5550000)
  eden space 60480K,   0% used [0x00000000c0000000, 0x00000000c0000000, 0x00000000c3b10000)
  from space 7488K, 100% used [0x00000000c4260000, 0x00000000c49b0000, 0x00000000c49b0000)
  to   space 7488K,   0% used [0x00000000c3b10000, 0x00000000c3b10000, 0x00000000c4260000)
 tenured generation   total 150648K, used 113522K [0x00000000d5550000, 0x00000000de86e000, 0x0000000100000000)
   the space 150648K,  75% used [0x00000000d5550000, 0x00000000dc42cb50, 0x00000000dc42cc00, 0x00000000de86e000)
 Metaspace       used 54491K, capacity 56400K, committed 56576K, reserved 1099776K
  class space    used 6685K, capacity 7048K, committed 7168K, reserved 1048576K
}
Event: 218.274 GC heap before
{Heap before GC invocations=69 (full 9):
 def new generation   total 67968K, used 67968K [0x00000000c0000000, 0x00000000c49b0000, 0x00000000d5550000)
  eden space 60480K, 100% used [0x00000000c0000000, 0x00000000c3b10000, 0x00000000c3b10000)
  from space 7488K, 100% used [0x00000000c4260000, 0x00000000c49b0000, 0x00000000c49b0000)
  to   space 7488K,   0% used [0x00000000c3b10000, 0x00000000c3b10000, 0x00000000c4260000)
 tenured generation   total 150648K, used 113522K [0x00000000d5550000, 0x00000000de86e000, 0x0000000100000000)
   the space 150648K,  75% used [0x00000000d5550000, 0x00000000dc42cb50, 0x00000000dc42cc00, 0x00000000de86e000)
 Metaspace       used 54491K, capacity 56400K, committed 56576K, reserved 1099776K
  class space    used 6685K, capacity 7048K, committed 7168K, reserved 1048576K
}
Event: 218.472 GC heap after
{Heap after GC invocations=70 (full 9):
 def new generation   total 67968K, used 7488K [0x00000000c0000000, 0x00000000c49b0000, 0x00000000d5550000)
  eden space 60480K,   0% used [0x00000000c0000000, 0x00000000c0000000, 0x00000000c3b10000)
  from space 7488K, 100% used [0x00000000c3b10000, 0x00000000c4260000, 0x00000000c4260000)
  to   space 7488K,   0% used [0x00000000c4260000, 0x00000000c4260000, 0x00000000c49b0000)
 tenured generation   total 150648K, used 137413K [0x00000000d5550000, 0x00000000de86e000, 0x0000000100000000)
   the space 150648K,  91% used [0x00000000d5550000, 0x00000000ddb81768, 0x00000000ddb81800, 0x00000000de86e000)
 Metaspace       used 54491K, capacity 56400K, committed 56576K, reserved 1099776K
  class space    used 6685K, capacity 7048K, committed 7168K, reserved 1048576K
}
Event: 218.643 GC heap before
{Heap before GC invocations=70 (full 9):
 def new generation   total 67968K, used 67968K [0x00000000c0000000, 0x00000000c49b0000, 0x00000000d5550000)
  eden space 60480K, 100% used [0x00000000c0000000, 0x00000000c3b10000, 0x00000000c3b10000)
  from space 7488K, 100% used [0x00000000c3b10000, 0x00000000c4260000, 0x00000000c4260000)
  to   space 7488K,   0% used [0x00000000c4260000, 0x00000000c4260000, 0x00000000c49b0000)
 tenured generation   total 150648K, used 137413K [0x00000000d5550000, 0x00000000de86e000, 0x0000000100000000)
   the space 150648K,  91% used [0x00000000d5550000, 0x00000000ddb81768, 0x00000000ddb81800, 0x00000000de86e000)
 Metaspace       used 54491K, capacity 56400K, committed 56576K, reserved 1099776K
  class space    used 6685K, capacity 7048K, committed 7168K, reserved 1048576K
}
Event: 219.413 GC heap after
{Heap after GC invocations=71 (full 10):
 def new generation   total 126144K, used 7469K [0x00000000c0000000, 0x00000000c88d0000, 0x00000000d5550000)
  eden space 112192K,   6% used [0x00000000c0000000, 0x00000000c074b438, 0x00000000c6d90000)
  from space 13952K,   0% used [0x00000000c6d90000, 0x00000000c6d90000, 0x00000000c7b30000)
  to   space 13952K,   0% used [0x00000000c7b30000, 0x00000000c7b30000, 0x00000000c88d0000)
 tenured generation   total 279880K, used 167928K [0x00000000d5550000, 0x00000000e66a2000, 0x0000000100000000)
   the space 279880K,  60% used [0x00000000d5550000, 0x00000000df94e000, 0x00000000df94e000, 0x00000000e66a2000)
 Metaspace       used 54491K, capacity 56400K, committed 56576K, reserved 1099776K
  class space    used 6685K, capacity 7048K, committed 7168K, reserved 1048576K
}
Event: 219.788 GC heap before
{Heap before GC invocations=71 (full 10):
 def new generation   total 126144K, used 112192K [0x00000000c0000000, 0x00000000c88d0000, 0x00000000d5550000)
  eden space 112192K, 100% used [0x00000000c0000000, 0x00000000c6d90000, 0x00000000c6d90000)
  from space 13952K,   0% used [0x00000000c6d90000, 0x00000000c6d90000, 0x00000000c7b30000)
  to   space 13952K,   0% used [0x00000000c7b30000, 0x00000000c7b30000, 0x00000000c88d0000)
 tenured generation   total 279880K, used 167928K [0x00000000d5550000, 0x00000000e66a2000, 0x0000000100000000)
   the space 279880K,  60% used [0x00000000d5550000, 0x00000000df94e000, 0x00000000df94e000, 0x00000000e66a2000)
 Metaspace       used 54493K, capacity 56400K, committed 56576K, reserved 1099776K
  class space    used 6685K, capacity 7048K, committed 7168K, reserved 1048576K
}
Event: 220.166 GC heap after
{Heap after GC invocations=72 (full 10):
 def new generation   total 126144K, used 13952K [0x00000000c0000000, 0x00000000c88d0000, 0x00000000d5550000)
  eden space 112192K,   0% used [0x00000000c0000000, 0x00000000c0000000, 0x00000000c6d90000)
  from space 13952K, 100% used [0x00000000c7b30000, 0x00000000c88d0000, 0x00000000c88d0000)
  to   space 13952K,   0% used [0x00000000c6d90000, 0x00000000c6d90000, 0x00000000c7b30000)
 tenured generation   total 279880K, used 210052K [0x00000000d5550000, 0x00000000e66a2000, 0x0000000100000000)
   the space 279880K,  75% used [0x00000000d5550000, 0x00000000e2271030, 0x00000000e2271200, 0x00000000e66a2000)
 Metaspace       used 54493K, capacity 56400K, committed 56576K, reserved 1099776K
  class space    used 6685K, capacity 7048K, committed 7168K, reserved 1048576K
}
Event: 220.515 GC heap before
{Heap before GC invocations=72 (full 10):
 def new generation   total 126144K, used 126144K [0x00000000c0000000, 0x00000000c88d0000, 0x00000000d5550000)
  eden space 112192K, 100% used [0x00000000c0000000, 0x00000000c6d90000, 0x00000000c6d90000)
  from space 13952K, 100% used [0x00000000c7b30000, 0x00000000c88d0000, 0x00000000c88d0000)
  to   space 13952K,   0% used [0x00000000c6d90000, 0x00000000c6d90000, 0x00000000c7b30000)
 tenured generation   total 279880K, used 210052K [0x00000000d5550000, 0x00000000e66a2000, 0x0000000100000000)
   the space 279880K,  75% used [0x00000000d5550000, 0x00000000e2271030, 0x00000000e2271200, 0x00000000e66a2000)
 Metaspace       used 54501K, capacity 56400K, committed 56576K, reserved 1099776K
  class space    used 6686K, capacity 7048K, committed 7168K, reserved 1048576K
}
Event: 221.116 GC heap after
{Heap after GC invocations=73 (full 10):
 def new generation   total 126144K, used 13952K [0x00000000c0000000, 0x00000000c88d0000, 0x00000000d5550000)
  eden space 112192K,   0% used [0x00000000c0000000, 0x00000000c0000000, 0x00000000c6d90000)
  from space 13952K, 100% used [0x00000000c6d90000, 0x00000000c7b30000, 0x00000000c7b30000)
  to   space 13952K,   0% used [0x00000000c7b30000, 0x00000000c7b30000, 0x00000000c88d0000)
 tenured generation   total 279880K, used 262299K [0x00000000d5550000, 0x00000000e66a2000, 0x0000000100000000)
   the space 279880K,  93% used [0x00000000d5550000, 0x00000000e5576fd8, 0x00000000e5577000, 0x00000000e66a2000)
 Metaspace       used 54501K, capacity 56400K, committed 56576K, reserved 1099776K
  class space    used 6686K, capacity 7048K, committed 7168K, reserved 1048576K
}
Event: 221.425 GC heap before
{Heap before GC invocations=73 (full 10):
 def new generation   total 126144K, used 126144K [0x00000000c0000000, 0x00000000c88d0000, 0x00000000d5550000)
  eden space 112192K, 100% used [0x00000000c0000000, 0x00000000c6d90000, 0x00000000c6d90000)
  from space 13952K, 100% used [0x00000000c6d90000, 0x00000000c7b30000, 0x00000000c7b30000)
  to   space 13952K,   0% used [0x00000000c7b30000, 0x00000000c7b30000, 0x00000000c88d0000)
 tenured generation   total 279880K, used 262299K [0x00000000d5550000, 0x00000000e66a2000, 0x0000000100000000)
   the space 279880K,  93% used [0x00000000d5550000, 0x00000000e5576fd8, 0x00000000e5577000, 0x00000000e66a2000)
 Metaspace       used 54501K, capacity 56400K, committed 56576K, reserved 1099776K
  class space    used 6686K, capacity 7048K, committed 7168K, reserved 1048576K
}

