# JRE version: Java(TM) SE Runtime Environment (9.0+11) (build 9.0.4+11)
# Java VM: Java HotSpot(TM) 64-Bit Server VM (9.0.4+11, mixed mode, tiered, compressed oops, serial gc, linux-amd64)
Heap:
 def new generation   total 150080K, used 8578K [0x00000000c0000000, 0x00000000ca2d0000, 0x00000000d5550000)
  eden space 133440K,   6% used [0x00000000c0000000, 0x00000000c0860958, 0x00000000c8250000)
  from space 16640K,   0% used [0x00000000c8250000, 0x00000000c8250000, 0x00000000c9290000)
  to   space 16640K,   0% used [0x00000000c9290000, 0x00000000c9290000, 0x00000000ca2d0000)
 tenured generation   total 351648K, used 351648K [0x00000000d5550000, 0x00000000eacb8000, 0x0000000100000000)
   the space 351648K, 100% used [0x00000000d5550000, 0x00000000eacb8000, 0x00000000eacb8000, 0x00000000eacb8000)
 Metaspace       used 42488K, capacity 43528K, committed 43736K, reserved 1087488K
  class space    used 5526K, capacity 5784K, committed 5888K, reserved 1048576K
GC Heap History (10 events):
Event: 17.805 GC heap after
{Heap after GC invocations=58 (full 8):
 def new generation   total 150080K, used 16640K [0x00000000c0000000, 0x00000000ca2d0000, 0x00000000d5550000)
  eden space 133440K,   0% used [0x00000000c0000000, 0x00000000c0000000, 0x00000000c8250000)
  from space 16640K, 100% used [0x00000000c9290000, 0x00000000ca2d0000, 0x00000000ca2d0000)
  to   space 16640K,   0% used [0x00000000c8250000, 0x00000000c8250000, 0x00000000c9290000)
 tenured generation   total 333216K, used 248116K [0x00000000d5550000, 0x00000000e9ab8000, 0x0000000100000000)
   the space 333216K,  74% used [0x00000000d5550000, 0x00000000e479d3d8, 0x00000000e479d400, 0x00000000e9ab8000)
 Metaspace       used 42484K, capacity 43524K, committed 43736K, reserved 1087488K
  class space    used 5526K, capacity 5784K, committed 5888K, reserved 1048576K
}
Event: 18.171 GC heap before
{Heap before GC invocations=58 (full 8):
 def new generation   total 150080K, used 150080K [0x00000000c0000000, 0x00000000ca2d0000, 0x00000000d5550000)
  eden space 133440K, 100% used [0x00000000c0000000, 0x00000000c8250000, 0x00000000c8250000)
  from space 16640K, 100% used [0x00000000c9290000, 0x00000000ca2d0000, 0x00000000ca2d0000)
  to   space 16640K,   0% used [0x00000000c8250000, 0x00000000c8250000, 0x00000000c9290000)
 tenured generation   total 333216K, used 248116K [0x00000000d5550000, 0x00000000e9ab8000, 0x0000000100000000)
   the space 333216K,  74% used [0x00000000d5550000, 0x00000000e479d3d8, 0x00000000e479d400, 0x00000000e9ab8000)
 Metaspace       used 42484K, capacity 43524K, committed 43736K, reserved 1087488K
  class space    used 5526K, capacity 5784K, committed 5888K, reserved 1048576K
}
Event: 18.540 GC heap after
{Heap after GC invocations=59 (full 8):
 def new generation   total 150080K, used 16640K [0x00000000c0000000, 0x00000000ca2d0000, 0x00000000d5550000)
  eden space 133440K,   0% used [0x00000000c0000000, 0x00000000c0000000, 0x00000000c8250000)
  from space 16640K, 100% used [0x00000000c8250000, 0x00000000c9290000, 0x00000000c9290000)
  to   space 16640K,   0% used [0x00000000c9290000, 0x00000000c9290000, 0x00000000ca2d0000)
 tenured generation   total 333216K, used 308989K [0x00000000d5550000, 0x00000000e9ab8000, 0x0000000100000000)
   the space 333216K,  92% used [0x00000000d5550000, 0x00000000e830f4a8, 0x00000000e830f600, 0x00000000e9ab8000)
 Metaspace       used 42484K, capacity 43524K, committed 43736K, reserved 1087488K
  class space    used 5526K, capacity 5784K, committed 5888K, reserved 1048576K
}
Event: 18.946 GC heap before
{Heap before GC invocations=59 (full 8):
 def new generation   total 150080K, used 150080K [0x00000000c0000000, 0x00000000ca2d0000, 0x00000000d5550000)
  eden space 133440K, 100% used [0x00000000c0000000, 0x00000000c8250000, 0x00000000c8250000)
  from space 16640K, 100% used [0x00000000c8250000, 0x00000000c9290000, 0x00000000c9290000)
  to   space 16640K,   0% used [0x00000000c9290000, 0x00000000c9290000, 0x00000000ca2d0000)
 tenured generation   total 333216K, used 308989K [0x00000000d5550000, 0x00000000e9ab8000, 0x0000000100000000)
   the space 333216K,  92% used [0x00000000d5550000, 0x00000000e830f4a8, 0x00000000e830f600, 0x00000000e9ab8000)
 Metaspace       used 42484K, capacity 43524K, committed 43736K, reserved 1087488K
  class space    used 5526K, capacity 5784K, committed 5888K, reserved 1048576K
}
Event: 19.790 GC heap after
{Heap after GC invocations=60 (full 9):
 def new generation   total 150080K, used 0K [0x00000000c0000000, 0x00000000ca2d0000, 0x00000000d5550000)
  eden space 133440K,   0% used [0x00000000c0000000, 0x00000000c0000000, 0x00000000c8250000)
  from space 16640K,   0% used [0x00000000c9290000, 0x00000000c9290000, 0x00000000ca2d0000)
  to   space 16640K,   0% used [0x00000000c8250000, 0x00000000c8250000, 0x00000000c9290000)
 tenured generation   total 333216K, used 177512K [0x00000000d5550000, 0x00000000e9ab8000, 0x0000000100000000)
   the space 333216K,  53% used [0x00000000d5550000, 0x00000000e02aa1a8, 0x00000000e02aa200, 0x00000000e9ab8000)
 Metaspace       used 42484K, capacity 43524K, committed 43736K, reserved 1087488K
  class space    used 5526K, capacity 5784K, committed 5888K, reserved 1048576K
}
Event: 20.189 GC heap before
{Heap before GC invocations=60 (full 9):
 def new generation   total 150080K, used 133440K [0x00000000c0000000, 0x00000000ca2d0000, 0x00000000d5550000)
  eden space 133440K, 100% used [0x00000000c0000000, 0x00000000c8250000, 0x00000000c8250000)
  from space 16640K,   0% used [0x00000000c9290000, 0x00000000c9290000, 0x00000000ca2d0000)
  to   space 16640K,   0% used [0x00000000c8250000, 0x00000000c8250000, 0x00000000c9290000)
 tenured generation   total 333216K, used 177512K [0x00000000d5550000, 0x00000000e9ab8000, 0x0000000100000000)
   the space 333216K,  53% used [0x00000000d5550000, 0x00000000e02aa1a8, 0x00000000e02aa200, 0x00000000e9ab8000)
 Metaspace       used 42488K, capacity 43524K, committed 43736K, reserved 1087488K
  class space    used 5526K, capacity 5784K, committed 5888K, reserved 1048576K
}
Event: 20.493 GC heap after
{Heap after GC invocations=61 (full 9):
 def new generation   total 150080K, used 16639K [0x00000000c0000000, 0x00000000ca2d0000, 0x00000000d5550000)
  eden space 133440K,   0% used [0x00000000c0000000, 0x00000000c0000000, 0x00000000c8250000)
  from space 16640K,  99% used [0x00000000c8250000, 0x00000000c928fff8, 0x00000000c9290000)
  to   space 16640K,   0% used [0x00000000c9290000, 0x00000000c9290000, 0x00000000ca2d0000)
 tenured generation   total 333216K, used 219714K [0x00000000d5550000, 0x00000000e9ab8000, 0x0000000100000000)
   the space 333216K,  65% used [0x00000000d5550000, 0x00000000e2be0838, 0x00000000e2be0a00, 0x00000000e9ab8000)
 Metaspace       used 42488K, capacity 43524K, committed 43736K, reserved 1087488K
  class space    used 5526K, capacity 5784K, committed 5888K, reserved 1048576K
}
Event: 20.924 GC heap before
{Heap before GC invocations=61 (full 9):
 def new generation   total 150080K, used 150079K [0x00000000c0000000, 0x00000000ca2d0000, 0x00000000d5550000)
  eden space 133440K, 100% used [0x00000000c0000000, 0x00000000c8250000, 0x00000000c8250000)
  from space 16640K,  99% used [0x00000000c8250000, 0x00000000c928fff8, 0x00000000c9290000)
  to   space 16640K,   0% used [0x00000000c9290000, 0x00000000c9290000, 0x00000000ca2d0000)
 tenured generation   total 333216K, used 219714K [0x00000000d5550000, 0x00000000e9ab8000, 0x0000000100000000)
   the space 333216K,  65% used [0x00000000d5550000, 0x00000000e2be0838, 0x00000000e2be0a00, 0x00000000e9ab8000)
 Metaspace       used 42488K, capacity 43528K, committed 43736K, reserved 1087488K
  class space    used 5526K, capacity 5784K, committed 5888K, reserved 1048576K
}
Event: 21.544 GC heap after
{Heap after GC invocations=62 (full 9):
 def new generation   total 150080K, used 16639K [0x00000000c0000000, 0x00000000ca2d0000, 0x00000000d5550000)
  eden space 133440K,   0% used [0x00000000c0000000, 0x00000000c0000000, 0x00000000c8250000)
  from space 16640K,  99% used [0x00000000c9290000, 0x00000000ca2cfff8, 0x00000000ca2d0000)
  to   space 16640K,   0% used [0x00000000c8250000, 0x00000000c8250000, 0x00000000c9290000)
 tenured generation   total 333216K, used 284775K [0x00000000d5550000, 0x00000000e9ab8000, 0x0000000100000000)
   the space 333216K,  85% used [0x00000000d5550000, 0x00000000e6b69df0, 0x00000000e6b69e00, 0x00000000e9ab8000)
 Metaspace       used 42488K, capacity 43528K, committed 43736K, reserved 1087488K
  class space    used 5526K, capacity 5784K, committed 5888K, reserved 1048576K
}
Event: 21.870 GC heap before
{Heap before GC invocations=62 (full 9):
 def new generation   total 150080K, used 150079K [0x00000000c0000000, 0x00000000ca2d0000, 0x00000000d5550000)
  eden space 133440K, 100% used [0x00000000c0000000, 0x00000000c8250000, 0x00000000c8250000)
  from space 16640K,  99% used [0x00000000c9290000, 0x00000000ca2cfff8, 0x00000000ca2d0000)
  to   space 16640K,   0% used [0x00000000c8250000, 0x00000000c8250000, 0x00000000c9290000)
 tenured generation   total 333216K, used 284775K [0x00000000d5550000, 0x00000000e9ab8000, 0x0000000100000000)
   the space 333216K,  85% used [0x00000000d5550000, 0x00000000e6b69df0, 0x00000000e6b69e00, 0x00000000e9ab8000)
 Metaspace       used 42488K, capacity 43528K, committed 43736K, reserved 1087488K
  class space    used 5526K, capacity 5784K, committed 5888K, reserved 1048576K
}

