# JRE version: Java(TM) SE Runtime Environment (9.0+11) (build 9.0.4+11)
# Java VM: Java HotSpot(TM) 64-Bit Server VM (9.0.4+11, mixed mode, tiered, compressed oops, serial gc, linux-amd64)
Heap:
 def new generation   total 206080K, used 206079K [0x00000000c0000000, 0x00000000cdf90000, 0x00000000d5550000)
  eden space 183232K, 100% used [0x00000000c0000000, 0x00000000cb2f0000, 0x00000000cb2f0000)
  from space 22848K,  99% used [0x00000000cc940000, 0x00000000cdf8fff8, 0x00000000cdf90000)
  to   space 22848K,  99% used [0x00000000cb2f0000, 0x00000000cc93fff8, 0x00000000cc940000)
 tenured generation   total 462152K, used 462151K [0x00000000d5550000, 0x00000000f18a2000, 0x0000000100000000)
   the space 462152K,  99% used [0x00000000d5550000, 0x00000000f18a1ff8, 0x00000000f18a2000, 0x00000000f18a2000)
 Metaspace       used 42617K, capacity 43598K, committed 43776K, reserved 1087488K
  class space    used 5537K, capacity 5785K, committed 5888K, reserved 1048576K
GC Heap History (10 events):
Event: 51.505 GC heap after
{Heap after GC invocations=109 (full 13):
 def new generation   total 193472K, used 21440K [0x00000000c0000000, 0x00000000cd1e0000, 0x00000000d5550000)
  eden space 172032K,   0% used [0x00000000c0000000, 0x00000000c0000000, 0x00000000ca800000)
  from space 21440K, 100% used [0x00000000ca800000, 0x00000000cbcf0000, 0x00000000cbcf0000)
  to   space 21440K,   0% used [0x00000000cbcf0000, 0x00000000cbcf0000, 0x00000000cd1e0000)
 tenured generation   total 429520K, used 421843K [0x00000000d5550000, 0x00000000ef8c4000, 0x0000000100000000)
   the space 429520K,  98% used [0x00000000d5550000, 0x00000000ef144fb0, 0x00000000ef145000, 0x00000000ef8c4000)
 Metaspace       used 42606K, capacity 43598K, committed 43776K, reserved 1087488K
  class space    used 5537K, capacity 5785K, committed 5888K, reserved 1048576K
}
Event: 51.944 GC heap before
{Heap before GC invocations=109 (full 13):
 def new generation   total 193472K, used 193472K [0x00000000c0000000, 0x00000000cd1e0000, 0x00000000d5550000)
  eden space 172032K, 100% used [0x00000000c0000000, 0x00000000ca800000, 0x00000000ca800000)
  from space 21440K, 100% used [0x00000000ca800000, 0x00000000cbcf0000, 0x00000000cbcf0000)
  to   space 21440K,   0% used [0x00000000cbcf0000, 0x00000000cbcf0000, 0x00000000cd1e0000)
 tenured generation   total 429520K, used 421843K [0x00000000d5550000, 0x00000000ef8c4000, 0x0000000100000000)
   the space 429520K,  98% used [0x00000000d5550000, 0x00000000ef144fb0, 0x00000000ef145000, 0x00000000ef8c4000)
 Metaspace       used 42606K, capacity 43598K, committed 43776K, reserved 1087488K
  class space    used 5537K, capacity 5785K, committed 5888K, reserved 1048576K
}
Event: 53.375 GC heap after
{Heap after GC invocations=110 (full 14):
 def new generation   total 206080K, used 0K [0x00000000c0000000, 0x00000000cdf90000, 0x00000000d5550000)
  eden space 183232K,   0% used [0x00000000c0000000, 0x00000000c0000000, 0x00000000cb2f0000)
  from space 22848K,   0% used [0x00000000cb2f0000, 0x00000000cb2f0000, 0x00000000cc940000)
  to   space 22848K,   0% used [0x00000000cc940000, 0x00000000cc940000, 0x00000000cdf90000)
 tenured generation   total 457544K, used 274524K [0x00000000d5550000, 0x00000000f1422000, 0x0000000100000000)
   the space 457544K,  59% used [0x00000000d5550000, 0x00000000e6167268, 0x00000000e6167400, 0x00000000f1422000)
 Metaspace       used 42606K, capacity 43598K, committed 43776K, reserved 1087488K
  class space    used 5537K, capacity 5785K, committed 5888K, reserved 1048576K
}
Event: 53.999 GC heap before
{Heap before GC invocations=110 (full 14):
 def new generation   total 206080K, used 183232K [0x00000000c0000000, 0x00000000cdf90000, 0x00000000d5550000)
  eden space 183232K, 100% used [0x00000000c0000000, 0x00000000cb2f0000, 0x00000000cb2f0000)
  from space 22848K,   0% used [0x00000000cb2f0000, 0x00000000cb2f0000, 0x00000000cc940000)
  to   space 22848K,   0% used [0x00000000cc940000, 0x00000000cc940000, 0x00000000cdf90000)
 tenured generation   total 457544K, used 274524K [0x00000000d5550000, 0x00000000f1422000, 0x0000000100000000)
   the space 457544K,  59% used [0x00000000d5550000, 0x00000000e6167268, 0x00000000e6167400, 0x00000000f1422000)
 Metaspace       used 42617K, capacity 43598K, committed 43776K, reserved 1087488K
  class space    used 5537K, capacity 5785K, committed 5888K, reserved 1048576K
}
Event: 54.197 GC heap after
{Heap after GC invocations=111 (full 14):
 def new generation   total 206080K, used 22848K [0x00000000c0000000, 0x00000000cdf90000, 0x00000000d5550000)
  eden space 183232K,   0% used [0x00000000c0000000, 0x00000000c0000000, 0x00000000cb2f0000)
  from space 22848K, 100% used [0x00000000cc940000, 0x00000000cdf90000, 0x00000000cdf90000)
  to   space 22848K,   0% used [0x00000000cb2f0000, 0x00000000cb2f0000, 0x00000000cc940000)
 tenured generation   total 457544K, used 284531K [0x00000000d5550000, 0x00000000f1422000, 0x0000000100000000)
   the space 457544K,  62% used [0x00000000d5550000, 0x00000000e6b2cde0, 0x00000000e6b2ce00, 0x00000000f1422000)
 Metaspace       used 42617K, capacity 43598K, committed 43776K, reserved 1087488K
  class space    used 5537K, capacity 5785K, committed 5888K, reserved 1048576K
}
Event: 54.487 GC heap before
{Heap before GC invocations=111 (full 14):
 def new generation   total 206080K, used 206080K [0x00000000c0000000, 0x00000000cdf90000, 0x00000000d5550000)
  eden space 183232K, 100% used [0x00000000c0000000, 0x00000000cb2f0000, 0x00000000cb2f0000)
  from space 22848K, 100% used [0x00000000cc940000, 0x00000000cdf90000, 0x00000000cdf90000)
  to   space 22848K,   0% used [0x00000000cb2f0000, 0x00000000cb2f0000, 0x00000000cc940000)
 tenured generation   total 457544K, used 284531K [0x00000000d5550000, 0x00000000f1422000, 0x0000000100000000)
   the space 457544K,  62% used [0x00000000d5550000, 0x00000000e6b2cde0, 0x00000000e6b2ce00, 0x00000000f1422000)
 Metaspace       used 42617K, capacity 43598K, committed 43776K, reserved 1087488K
  class space    used 5537K, capacity 5785K, committed 5888K, reserved 1048576K
}
Event: 54.976 GC heap after
{Heap after GC invocations=112 (full 14):
 def new generation   total 206080K, used 22848K [0x00000000c0000000, 0x00000000cdf90000, 0x00000000d5550000)
  eden space 183232K,   0% used [0x00000000c0000000, 0x00000000c0000000, 0x00000000cb2f0000)
  from space 22848K, 100% used [0x00000000cb2f0000, 0x00000000cc940000, 0x00000000cc940000)
  to   space 22848K,   0% used [0x00000000cc940000, 0x00000000cc940000, 0x00000000cdf90000)
 tenured generation   total 457544K, used 349578K [0x00000000d5550000, 0x00000000f1422000, 0x0000000100000000)
   the space 457544K,  76% used [0x00000000d5550000, 0x00000000eaab29e8, 0x00000000eaab2a00, 0x00000000f1422000)
 Metaspace       used 42617K, capacity 43598K, committed 43776K, reserved 1087488K
  class space    used 5537K, capacity 5785K, committed 5888K, reserved 1048576K
}
Event: 55.186 GC heap before
{Heap before GC invocations=112 (full 14):
 def new generation   total 206080K, used 206080K [0x00000000c0000000, 0x00000000cdf90000, 0x00000000d5550000)
  eden space 183232K, 100% used [0x00000000c0000000, 0x00000000cb2f0000, 0x00000000cb2f0000)
  from space 22848K, 100% used [0x00000000cb2f0000, 0x00000000cc940000, 0x00000000cc940000)
  to   space 22848K,   0% used [0x00000000cc940000, 0x00000000cc940000, 0x00000000cdf90000)
 tenured generation   total 457544K, used 349578K [0x00000000d5550000, 0x00000000f1422000, 0x0000000100000000)
   the space 457544K,  76% used [0x00000000d5550000, 0x00000000eaab29e8, 0x00000000eaab2a00, 0x00000000f1422000)
 Metaspace       used 42617K, capacity 43598K, committed 43776K, reserved 1087488K
  class space    used 5537K, capacity 5785K, committed 5888K, reserved 1048576K
}
Event: 55.629 GC heap after
{Heap after GC invocations=113 (full 14):
 def new generation   total 206080K, used 22847K [0x00000000c0000000, 0x00000000cdf90000, 0x00000000d5550000)
  eden space 183232K,   0% used [0x00000000c0000000, 0x00000000c0000000, 0x00000000cb2f0000)
  from space 22848K,  99% used [0x00000000cc940000, 0x00000000cdf8fff8, 0x00000000cdf90000)
  to   space 22848K,   0% used [0x00000000cb2f0000, 0x00000000cb2f0000, 0x00000000cc940000)
 tenured generation   total 457544K, used 414854K [0x00000000d5550000, 0x00000000f1422000, 0x0000000100000000)
   the space 457544K,  90% used [0x00000000d5550000, 0x00000000eea71938, 0x00000000eea71a00, 0x00000000f1422000)
 Metaspace       used 42617K, capacity 43598K, committed 43776K, reserved 1087488K
  class space    used 5537K, capacity 5785K, committed 5888K, reserved 1048576K
}
Event: 55.853 GC heap before
{Heap before GC invocations=113 (full 14):
 def new generation   total 206080K, used 206079K [0x00000000c0000000, 0x00000000cdf90000, 0x00000000d5550000)
  eden space 183232K, 100% used [0x00000000c0000000, 0x00000000cb2f0000, 0x00000000cb2f0000)
  from space 22848K,  99% used [0x00000000cc940000, 0x00000000cdf8fff8, 0x00000000cdf90000)
  to   space 22848K,   0% used [0x00000000cb2f0000, 0x00000000cb2f0000, 0x00000000cc940000)
 tenured generation   total 457544K, used 414854K [0x00000000d5550000, 0x00000000f1422000, 0x0000000100000000)
   the space 457544K,  90% used [0x00000000d5550000, 0x00000000eea71938, 0x00000000eea71a00, 0x00000000f1422000)
 Metaspace       used 42617K, capacity 43598K, committed 43776K, reserved 1087488K
  class space    used 5537K, capacity 5785K, committed 5888K, reserved 1048576K
}

