# JRE version: Java(TM) SE Runtime Environment (9.0+11) (build 9.0.4+11)
# Java VM: Java HotSpot(TM) 64-Bit Server VM (9.0.4+11, mixed mode, tiered, compressed oops, serial gc, linux-amd64)
Heap:
 def new generation   total 150400K, used 9451K [0x00000000c0000000, 0x00000000ca330000, 0x00000000d5550000)
  eden space 133696K,   7% used [0x00000000c0000000, 0x00000000c093ad28, 0x00000000c8290000)
  from space 16704K,   0% used [0x00000000c8290000, 0x00000000c8290000, 0x00000000c92e0000)
  to   space 16704K,   0% used [0x00000000c92e0000, 0x00000000c92e0000, 0x00000000ca330000)
 tenured generation   total 372700K, used 372699K [0x00000000d5550000, 0x00000000ec147000, 0x0000000100000000)
   the space 372700K,  99% used [0x00000000d5550000, 0x00000000ec146ff8, 0x00000000ec147000, 0x00000000ec147000)
 Metaspace       used 42461K, capacity 43460K, committed 43776K, reserved 1087488K
  class space    used 5527K, capacity 5784K, committed 5888K, reserved 1048576K
GC Heap History (10 events):
Event: 16.305 GC heap after
{Heap after GC invocations=64 (full 10):
 def new generation   total 150400K, used 0K [0x00000000c0000000, 0x00000000ca330000, 0x00000000d5550000)
  eden space 133696K,   0% used [0x00000000c0000000, 0x00000000c0000000, 0x00000000c8290000)
  from space 16704K,   0% used [0x00000000c92e0000, 0x00000000c92e0000, 0x00000000ca330000)
  to   space 16704K,   0% used [0x00000000c8290000, 0x00000000c8290000, 0x00000000c92e0000)
 tenured generation   total 333916K, used 100832K [0x00000000d5550000, 0x00000000e9b67000, 0x0000000100000000)
   the space 333916K,  30% used [0x00000000d5550000, 0x00000000db7c8120, 0x00000000db7c8200, 0x00000000e9b67000)
 Metaspace       used 42458K, capacity 43460K, committed 43776K, reserved 1087488K
  class space    used 5527K, capacity 5784K, committed 5888K, reserved 1048576K
}
Event: 16.576 GC heap before
{Heap before GC invocations=64 (full 10):
 def new generation   total 150400K, used 133696K [0x00000000c0000000, 0x00000000ca330000, 0x00000000d5550000)
  eden space 133696K, 100% used [0x00000000c0000000, 0x00000000c8290000, 0x00000000c8290000)
  from space 16704K,   0% used [0x00000000c92e0000, 0x00000000c92e0000, 0x00000000ca330000)
  to   space 16704K,   0% used [0x00000000c8290000, 0x00000000c8290000, 0x00000000c92e0000)
 tenured generation   total 333916K, used 100832K [0x00000000d5550000, 0x00000000e9b67000, 0x0000000100000000)
   the space 333916K,  30% used [0x00000000d5550000, 0x00000000db7c8120, 0x00000000db7c8200, 0x00000000e9b67000)
 Metaspace       used 42461K, capacity 43460K, committed 43776K, reserved 1087488K
  class space    used 5527K, capacity 5784K, committed 5888K, reserved 1048576K
}
Event: 16.907 GC heap after
{Heap after GC invocations=65 (full 10):
 def new generation   total 150400K, used 16703K [0x00000000c0000000, 0x00000000ca330000, 0x00000000d5550000)
  eden space 133696K,   0% used [0x00000000c0000000, 0x00000000c0000000, 0x00000000c8290000)
  from space 16704K,  99% used [0x00000000c8290000, 0x00000000c92dfff0, 0x00000000c92e0000)
  to   space 16704K,   0% used [0x00000000c92e0000, 0x00000000c92e0000, 0x00000000ca330000)
 tenured generation   total 333916K, used 141650K [0x00000000d5550000, 0x00000000e9b67000, 0x0000000100000000)
   the space 333916K,  42% used [0x00000000d5550000, 0x00000000ddfa4be8, 0x00000000ddfa4c00, 0x00000000e9b67000)
 Metaspace       used 42461K, capacity 43460K, committed 43776K, reserved 1087488K
  class space    used 5527K, capacity 5784K, committed 5888K, reserved 1048576K
}
Event: 17.227 GC heap before
{Heap before GC invocations=65 (full 10):
 def new generation   total 150400K, used 150399K [0x00000000c0000000, 0x00000000ca330000, 0x00000000d5550000)
  eden space 133696K, 100% used [0x00000000c0000000, 0x00000000c8290000, 0x00000000c8290000)
  from space 16704K,  99% used [0x00000000c8290000, 0x00000000c92dfff0, 0x00000000c92e0000)
  to   space 16704K,   0% used [0x00000000c92e0000, 0x00000000c92e0000, 0x00000000ca330000)
 tenured generation   total 333916K, used 141650K [0x00000000d5550000, 0x00000000e9b67000, 0x0000000100000000)
   the space 333916K,  42% used [0x00000000d5550000, 0x00000000ddfa4be8, 0x00000000ddfa4c00, 0x00000000e9b67000)
 Metaspace       used 42461K, capacity 43460K, committed 43776K, reserved 1087488K
  class space    used 5527K, capacity 5784K, committed 5888K, reserved 1048576K
}
Event: 17.497 GC heap after
{Heap after GC invocations=66 (full 10):
 def new generation   total 150400K, used 16703K [0x00000000c0000000, 0x00000000ca330000, 0x00000000d5550000)
  eden space 133696K,   0% used [0x00000000c0000000, 0x00000000c0000000, 0x00000000c8290000)
  from space 16704K,  99% used [0x00000000c92e0000, 0x00000000ca32fff8, 0x00000000ca330000)
  to   space 16704K,   0% used [0x00000000c8290000, 0x00000000c8290000, 0x00000000c92e0000)
 tenured generation   total 333916K, used 196583K [0x00000000d5550000, 0x00000000e9b67000, 0x0000000100000000)
   the space 333916K,  58% used [0x00000000d5550000, 0x00000000e1549cd0, 0x00000000e1549e00, 0x00000000e9b67000)
 Metaspace       used 42461K, capacity 43460K, committed 43776K, reserved 1087488K
  class space    used 5527K, capacity 5784K, committed 5888K, reserved 1048576K
}
Event: 17.835 GC heap before
{Heap before GC invocations=66 (full 10):
 def new generation   total 150400K, used 150399K [0x00000000c0000000, 0x00000000ca330000, 0x00000000d5550000)
  eden space 133696K, 100% used [0x00000000c0000000, 0x00000000c8290000, 0x00000000c8290000)
  from space 16704K,  99% used [0x00000000c92e0000, 0x00000000ca32fff8, 0x00000000ca330000)
  to   space 16704K,   0% used [0x00000000c8290000, 0x00000000c8290000, 0x00000000c92e0000)
 tenured generation   total 333916K, used 196583K [0x00000000d5550000, 0x00000000e9b67000, 0x0000000100000000)
   the space 333916K,  58% used [0x00000000d5550000, 0x00000000e1549cd0, 0x00000000e1549e00, 0x00000000e9b67000)
 Metaspace       used 42461K, capacity 43460K, committed 43776K, reserved 1087488K
  class space    used 5527K, capacity 5784K, committed 5888K, reserved 1048576K
}
Event: 18.265 GC heap after
{Heap after GC invocations=67 (full 10):
 def new generation   total 150400K, used 16703K [0x00000000c0000000, 0x00000000ca330000, 0x00000000d5550000)
  eden space 133696K,   0% used [0x00000000c0000000, 0x00000000c0000000, 0x00000000c8290000)
  from space 16704K,  99% used [0x00000000c8290000, 0x00000000c92dfff8, 0x00000000c92e0000)
  to   space 16704K,   0% used [0x00000000c92e0000, 0x00000000c92e0000, 0x00000000ca330000)
 tenured generation   total 333916K, used 255087K [0x00000000d5550000, 0x00000000e9b67000, 0x0000000100000000)
   the space 333916K,  76% used [0x00000000d5550000, 0x00000000e4e6bef8, 0x00000000e4e6c000, 0x00000000e9b67000)
 Metaspace       used 42461K, capacity 43460K, committed 43776K, reserved 1087488K
  class space    used 5527K, capacity 5784K, committed 5888K, reserved 1048576K
}
Event: 18.549 GC heap before
{Heap before GC invocations=67 (full 10):
 def new generation   total 150400K, used 150399K [0x00000000c0000000, 0x00000000ca330000, 0x00000000d5550000)
  eden space 133696K, 100% used [0x00000000c0000000, 0x00000000c8290000, 0x00000000c8290000)
  from space 16704K,  99% used [0x00000000c8290000, 0x00000000c92dfff8, 0x00000000c92e0000)
  to   space 16704K,   0% used [0x00000000c92e0000, 0x00000000c92e0000, 0x00000000ca330000)
 tenured generation   total 333916K, used 255087K [0x00000000d5550000, 0x00000000e9b67000, 0x0000000100000000)
   the space 333916K,  76% used [0x00000000d5550000, 0x00000000e4e6bef8, 0x00000000e4e6c000, 0x00000000e9b67000)
 Metaspace       used 42461K, capacity 43460K, committed 43776K, reserved 1087488K
  class space    used 5527K, capacity 5784K, committed 5888K, reserved 1048576K
}
Event: 18.836 GC heap after
{Heap after GC invocations=68 (full 10):
 def new generation   total 150400K, used 16703K [0x00000000c0000000, 0x00000000ca330000, 0x00000000d5550000)
  eden space 133696K,   0% used [0x00000000c0000000, 0x00000000c0000000, 0x00000000c8290000)
  from space 16704K,  99% used [0x00000000c92e0000, 0x00000000ca32fff8, 0x00000000ca330000)
  to   space 16704K,   0% used [0x00000000c8290000, 0x00000000c8290000, 0x00000000c92e0000)
 tenured generation   total 333916K, used 313585K [0x00000000d5550000, 0x00000000e9b67000, 0x0000000100000000)
   the space 333916K,  93% used [0x00000000d5550000, 0x00000000e878c768, 0x00000000e878c800, 0x00000000e9b67000)
 Metaspace       used 42461K, capacity 43460K, committed 43776K, reserved 1087488K
  class space    used 5527K, capacity 5784K, committed 5888K, reserved 1048576K
}
Event: 19.149 GC heap before
{Heap before GC invocations=68 (full 10):
 def new generation   total 150400K, used 150399K [0x00000000c0000000, 0x00000000ca330000, 0x00000000d5550000)
  eden space 133696K, 100% used [0x00000000c0000000, 0x00000000c8290000, 0x00000000c8290000)
  from space 16704K,  99% used [0x00000000c92e0000, 0x00000000ca32fff8, 0x00000000ca330000)
  to   space 16704K,   0% used [0x00000000c8290000, 0x00000000c8290000, 0x00000000c92e0000)
 tenured generation   total 333916K, used 313585K [0x00000000d5550000, 0x00000000e9b67000, 0x0000000100000000)
   the space 333916K,  93% used [0x00000000d5550000, 0x00000000e878c768, 0x00000000e878c800, 0x00000000e9b67000)
 Metaspace       used 42461K, capacity 43460K, committed 43776K, reserved 1087488K
  class space    used 5527K, capacity 5784K, committed 5888K, reserved 1048576K
}

